<?xml version="1.0" encoding="UTF-8"?>
<testng-results skipped="0" failed="0" total="2" passed="2">
  <reporter-output>
  </reporter-output>
  <suite name="PageObjModTest" duration-ms="68632" started-at="2015-07-30T20:10:23Z" finished-at="2015-07-30T20:11:32Z">
    <groups>
    </groups>
    <test name="POMT" duration-ms="68632" started-at="2015-07-30T20:10:23Z" finished-at="2015-07-30T20:11:32Z">
      <class name="testFiles.HomePageTest">
        <test-method status="PASS" signature="setUp()[pri:0, instance:testFiles.HomePageTest@6956de9]" name="setUp" is-config="true" duration-ms="53414" started-at="2015-07-30T16:10:23Z" finished-at="2015-07-30T16:11:17Z">
          <reporter-output>
          </reporter-output>
        </test-method> <!-- setUp -->
        <test-method status="PASS" signature="getHomePage()[pri:0, instance:testFiles.HomePageTest@6956de9]" name="getHomePage" duration-ms="3960" started-at="2015-07-30T16:11:17Z" finished-at="2015-07-30T16:11:21Z">
          <reporter-output>
          </reporter-output>
        </test-method> <!-- getHomePage -->
        <test-method status="PASS" signature="testSolutionsPage()[pri:0, instance:testFiles.HomePageTest@6956de9]" name="testSolutionsPage" duration-ms="11152" started-at="2015-07-30T16:11:21Z" finished-at="2015-07-30T16:11:32Z">
          <reporter-output>
          </reporter-output>
        </test-method> <!-- testSolutionsPage -->
      </class> <!-- testFiles.HomePageTest -->
    </test> <!-- POMT -->
  </suite> <!-- PageObjModTest -->
</testng-results>
